<?xml version="1.0" encoding="UTF-8" ?>
<testsuite failures="0" time="1.596" errors="0" skipped="0" tests="16" name="com.epam.cdp.bankmodel.service.AccountServiceBeanTest">
  <properties>
[...]
</properties>
  <testcase time="0.338" classname="com.epam.cdp.bankmodel.service.AccountServiceBeanTest" name="testCreateAccountNullValue"/>
  <testcase time="0.052" classname="com.epam.cdp.bankmodel.service.AccountServiceBeanTest" name="testGetPersonById"/>
  <testcase time="0.052" classname="com.epam.cdp.bankmodel.service.AccountServiceBeanTest" name="testGetAllPersons"/>
  <testcase time="0.052" classname="com.epam.cdp.bankmodel.service.AccountServiceBeanTest" name="testCreatePerson"/>
  <testcase time="0.051" classname="com.epam.cdp.bankmodel.service.AccountServiceBeanTest" name="testExchange"/>
  <testcase time="0.146" classname="com.epam.cdp.bankmodel.service.AccountServiceBeanTest" name="testGetAccountByIdNegative"/>
  <testcase time="0.051" classname="com.epam.cdp.bankmodel.service.AccountServiceBeanTest" name="testGetAccountsForPerson"/>
  <testcase time="0.06" classname="com.epam.cdp.bankmodel.service.AccountServiceBeanTest" name="testCreateAccount"/>
  <testcase time="0.048" classname="com.epam.cdp.bankmodel.service.AccountServiceBeanTest" name="testTopUp"/>
  <testcase time="0.149" classname="com.epam.cdp.bankmodel.service.AccountServiceBeanTest" name="testWithdrawNegative"/>
  <testcase time="0.049" classname="com.epam.cdp.bankmodel.service.AccountServiceBeanTest" name="testGetAccountById"/>
  <testcase time="0.147" classname="com.epam.cdp.bankmodel.service.AccountServiceBeanTest" name="testGetPersonByNameNegative"/>
  <testcase time="0.048" classname="com.epam.cdp.bankmodel.service.AccountServiceBeanTest" name="testWithdraw"/>
  <testcase time="0.144" classname="com.epam.cdp.bankmodel.service.AccountServiceBeanTest" name="testExchangeNegative"/>
  <testcase time="0.047" classname="com.epam.cdp.bankmodel.service.AccountServiceBeanTest" name="testGetPersonByName"/>
  <testcase time="0.162" classname="com.epam.cdp.bankmodel.service.AccountServiceBeanTest" name="testGetPersonByIdNegative"/>
</testsuite>